mode: atomic
github.com/techschool/simplebank/db/sqlc/account.sql.go:24.104,35.2 4 30
github.com/techschool/simplebank/db/sqlc/account.sql.go:54.96,65.2 4 18
github.com/techschool/simplebank/db/sqlc/account.sql.go:71.70,74.2 2 1
github.com/techschool/simplebank/db/sqlc/account.sql.go:81.78,92.2 4 6
github.com/techschool/simplebank/db/sqlc/account.sql.go:100.87,111.2 4 0
github.com/techschool/simplebank/db/sqlc/account.sql.go:125.94,127.16 2 1
github.com/techschool/simplebank/db/sqlc/account.sql.go:127.16,129.3 1 0
github.com/techschool/simplebank/db/sqlc/account.sql.go:130.2,132.18 3 1
github.com/techschool/simplebank/db/sqlc/account.sql.go:132.18,140.17 2 5
github.com/techschool/simplebank/db/sqlc/account.sql.go:140.17,142.4 1 0
github.com/techschool/simplebank/db/sqlc/account.sql.go:143.3,143.27 1 5
github.com/techschool/simplebank/db/sqlc/account.sql.go:145.2,145.37 1 1
github.com/techschool/simplebank/db/sqlc/account.sql.go:145.37,147.3 1 0
github.com/techschool/simplebank/db/sqlc/account.sql.go:148.2,148.35 1 1
github.com/techschool/simplebank/db/sqlc/account.sql.go:148.35,150.3 1 0
github.com/techschool/simplebank/db/sqlc/account.sql.go:151.2,151.19 1 1
github.com/techschool/simplebank/db/sqlc/account.sql.go:166.96,177.2 4 1
github.com/techschool/simplebank/db/sqlc/db.go:19.28,21.2 1 18
github.com/techschool/simplebank/db/sqlc/db.go:27.47,31.2 1 0
github.com/techschool/simplebank/db/sqlc/entries.sql.go:27.90,37.2 4 30
github.com/techschool/simplebank/db/sqlc/entries.sql.go:43.70,46.2 2 0
github.com/techschool/simplebank/db/sqlc/entries.sql.go:53.74,63.2 4 10
github.com/techschool/simplebank/db/sqlc/entries.sql.go:77.92,79.16 2 0
github.com/techschool/simplebank/db/sqlc/entries.sql.go:79.16,81.3 1 0
github.com/techschool/simplebank/db/sqlc/entries.sql.go:82.2,84.18 3 0
github.com/techschool/simplebank/db/sqlc/entries.sql.go:84.18,91.17 2 0
github.com/techschool/simplebank/db/sqlc/entries.sql.go:91.17,93.4 1 0
github.com/techschool/simplebank/db/sqlc/entries.sql.go:94.3,94.27 1 0
github.com/techschool/simplebank/db/sqlc/entries.sql.go:96.2,96.37 1 0
github.com/techschool/simplebank/db/sqlc/entries.sql.go:96.37,98.3 1 0
github.com/techschool/simplebank/db/sqlc/entries.sql.go:99.2,99.35 1 0
github.com/techschool/simplebank/db/sqlc/entries.sql.go:99.35,101.3 1 0
github.com/techschool/simplebank/db/sqlc/entries.sql.go:102.2,102.19 1 0
github.com/techschool/simplebank/db/sqlc/entries.sql.go:117.94,127.2 4 0
github.com/techschool/simplebank/db/sqlc/store.go:14.34,19.2 1 2
github.com/techschool/simplebank/db/sqlc/store.go:22.80,24.16 2 15
github.com/techschool/simplebank/db/sqlc/store.go:24.16,26.3 1 0
github.com/techschool/simplebank/db/sqlc/store.go:28.2,30.16 3 15
github.com/techschool/simplebank/db/sqlc/store.go:30.16,31.43 1 0
github.com/techschool/simplebank/db/sqlc/store.go:31.43,33.4 1 0
github.com/techschool/simplebank/db/sqlc/store.go:34.3,34.13 1 0
github.com/techschool/simplebank/db/sqlc/store.go:37.2,37.20 1 15
github.com/techschool/simplebank/db/sqlc/store.go:56.101,59.50 2 15
github.com/techschool/simplebank/db/sqlc/store.go:59.50,70.17 5 15
github.com/techschool/simplebank/db/sqlc/store.go:70.17,72.4 1 0
github.com/techschool/simplebank/db/sqlc/store.go:74.3,79.17 3 15
github.com/techschool/simplebank/db/sqlc/store.go:79.17,81.4 1 0
github.com/techschool/simplebank/db/sqlc/store.go:83.3,88.17 3 15
github.com/techschool/simplebank/db/sqlc/store.go:88.17,90.4 1 0
github.com/techschool/simplebank/db/sqlc/store.go:92.3,92.42 1 15
github.com/techschool/simplebank/db/sqlc/store.go:92.42,96.4 1 10
github.com/techschool/simplebank/db/sqlc/store.go:96.9,98.4 1 5
github.com/techschool/simplebank/db/sqlc/store.go:99.3,99.13 1 15
github.com/techschool/simplebank/db/sqlc/store.go:102.2,102.20 1 15
github.com/techschool/simplebank/db/sqlc/store.go:112.51,118.16 2 15
github.com/techschool/simplebank/db/sqlc/store.go:118.16,120.3 1 0
github.com/techschool/simplebank/db/sqlc/store.go:122.2,126.16 2 15
github.com/techschool/simplebank/db/sqlc/store.go:126.16,128.3 1 0
github.com/techschool/simplebank/db/sqlc/store.go:130.2,130.8 1 15
github.com/techschool/simplebank/db/sqlc/transfers.sql.go:29.99,40.2 4 15
github.com/techschool/simplebank/db/sqlc/transfers.sql.go:46.71,49.2 2 0
github.com/techschool/simplebank/db/sqlc/transfers.sql.go:56.80,67.2 4 5
github.com/techschool/simplebank/db/sqlc/transfers.sql.go:81.99,83.16 2 0
github.com/techschool/simplebank/db/sqlc/transfers.sql.go:83.16,85.3 1 0
github.com/techschool/simplebank/db/sqlc/transfers.sql.go:86.2,88.18 3 0
github.com/techschool/simplebank/db/sqlc/transfers.sql.go:88.18,96.17 2 0
github.com/techschool/simplebank/db/sqlc/transfers.sql.go:96.17,98.4 1 0
github.com/techschool/simplebank/db/sqlc/transfers.sql.go:99.3,99.27 1 0
github.com/techschool/simplebank/db/sqlc/transfers.sql.go:101.2,101.37 1 0
github.com/techschool/simplebank/db/sqlc/transfers.sql.go:101.37,103.3 1 0
github.com/techschool/simplebank/db/sqlc/transfers.sql.go:104.2,104.35 1 0
github.com/techschool/simplebank/db/sqlc/transfers.sql.go:104.35,106.3 1 0
github.com/techschool/simplebank/db/sqlc/transfers.sql.go:107.2,107.19 1 0
github.com/techschool/simplebank/db/sqlc/transfers.sql.go:122.99,133.2 4 0
